0 info it worked if it ends with ok
1 verbose cli [ '/usr/local/Cellar/node/5.9.0/bin/node',
1 verbose cli   '/usr/local/bin/npm',
1 verbose cli   'start' ]
2 info using npm@3.7.3
3 info using node@v5.9.0
4 verbose run-script [ 'prestart', 'start', 'poststart' ]
5 info lifecycle BGG-Middleware@1.0.0~prestart: BGG-Middleware@1.0.0
6 silly lifecycle BGG-Middleware@1.0.0~prestart: no script for prestart, continuing
7 info lifecycle BGG-Middleware@1.0.0~start: BGG-Middleware@1.0.0
8 verbose lifecycle BGG-Middleware@1.0.0~start: unsafe-perm in lifecycle true
9 verbose lifecycle BGG-Middleware@1.0.0~start: PATH: /usr/local/lib/node_modules/npm/bin/node-gyp-bin:/Users/keenanjaenicke/Dev/bgg-api/node_modules/.bin:/usr/local/Cellar/node/5.9.0/bin:/Users/keenanjaenicke/.rbenv/shims:/Users/keenanjaenicke/.rbenv/bin:/Users/keenanjaenicke/bin:/usr/local/bin:/usr/bin:/bin:/usr/sbin:/sbin:/Users/keenanjaenicke
10 verbose lifecycle BGG-Middleware@1.0.0~start: CWD: /Users/keenanjaenicke/Dev/bgg-api
11 silly lifecycle BGG-Middleware@1.0.0~start: Args: [ '-c', 'node index' ]
12 silly lifecycle BGG-Middleware@1.0.0~start: Returned: code: 1  signal: null
13 info lifecycle BGG-Middleware@1.0.0~start: Failed to exec start script
14 verbose stack Error: BGG-Middleware@1.0.0 start: `node index`
14 verbose stack Exit status 1
14 verbose stack     at EventEmitter.<anonymous> (/usr/local/lib/node_modules/npm/lib/utils/lifecycle.js:239:16)
14 verbose stack     at emitTwo (events.js:100:13)
14 verbose stack     at EventEmitter.emit (events.js:185:7)
14 verbose stack     at ChildProcess.<anonymous> (/usr/local/lib/node_modules/npm/lib/utils/spawn.js:24:14)
14 verbose stack     at emitTwo (events.js:100:13)
14 verbose stack     at ChildProcess.emit (events.js:185:7)
14 verbose stack     at maybeClose (internal/child_process.js:850:16)
14 verbose stack     at Process.ChildProcess._handle.onexit (internal/child_process.js:215:5)
15 verbose pkgid BGG-Middleware@1.0.0
16 verbose cwd /Users/keenanjaenicke/Dev/bgg-api
17 error Darwin 15.4.0
18 error argv "/usr/local/Cellar/node/5.9.0/bin/node" "/usr/local/bin/npm" "start"
19 error node v5.9.0
20 error npm  v3.7.3
21 error code ELIFECYCLE
22 error BGG-Middleware@1.0.0 start: `node index`
22 error Exit status 1
23 error Failed at the BGG-Middleware@1.0.0 start script 'node index'.
23 error Make sure you have the latest version of node.js and npm installed.
23 error If you do, this is most likely a problem with the BGG-Middleware package,
23 error not with npm itself.
23 error Tell the author that this fails on your system:
23 error     node index
23 error You can get information on how to open an issue for this project with:
23 error     npm bugs BGG-Middleware
23 error Or if that isn't available, you can get their info via:
23 error     npm owner ls BGG-Middleware
23 error There is likely additional logging output above.
24 verbose exit [ 1, true ]
